<?xml version="1.0" encoding="UTF-8"?>
<testng-results skipped="0" failed="0" ignored="0" total="1" passed="1">
  <reporter-output>
  </reporter-output>
  <suite name="Suite" duration-ms="36160" started-at="2022-08-06T13:41:05Z" finished-at="2022-08-06T13:41:41Z">
    <groups>
    </groups>
    <test name="TestInLocal" duration-ms="36160" started-at="2022-08-06T13:41:05Z" finished-at="2022-08-06T13:41:41Z">
      <class name="com.flipkart.tests.SearchForProductTest">
        <test-method status="PASS" signature="setup(java.lang.String)[pri:0, instance:com.flipkart.tests.SearchForProductTest@548e7350]" name="setup" is-config="true" duration-ms="16062" started-at="2022-08-06T19:11:05Z" finished-at="2022-08-06T19:11:21Z">
          <params>
            <param index="0">
              <value>
                <![CDATA[Local]]>
              </value>
            </param>
          </params>
          <reporter-output>
          </reporter-output>
        </test-method> <!-- setup -->
        <test-method status="PASS" signature="launchApplication()[pri:0, instance:com.flipkart.tests.SearchForProductTest@548e7350]" name="launchApplication" is-config="true" duration-ms="7199" started-at="2022-08-06T19:11:21Z" finished-at="2022-08-06T19:11:28Z">
          <reporter-output>
          </reporter-output>
        </test-method> <!-- launchApplication -->
        <test-method status="PASS" signature="GetProductNameAndPriceList()[pri:0, instance:com.flipkart.tests.SearchForProductTest@548e7350]" name="GetProductNameAndPriceList" duration-ms="9866" started-at="2022-08-06T19:11:28Z" finished-at="2022-08-06T19:11:38Z">
          <reporter-output>
          </reporter-output>
        </test-method> <!-- GetProductNameAndPriceList -->
        <test-method status="PASS" signature="teardown()[pri:0, instance:com.flipkart.tests.SearchForProductTest@548e7350]" name="teardown" is-config="true" duration-ms="3012" started-at="2022-08-06T19:11:38Z" finished-at="2022-08-06T19:11:41Z">
          <reporter-output>
          </reporter-output>
        </test-method> <!-- teardown -->
      </class> <!-- com.flipkart.tests.SearchForProductTest -->
    </test> <!-- TestInLocal -->
  </suite> <!-- Suite -->
</testng-results>
